#
# There is insufficient memory for the Java Runtime Environment to continue.
# Native memory allocation (malloc) failed to allocate 1889568 bytes for Chunk::new
# Possible reasons:
#   The system is out of physical RAM or swap space
#   The process is running with CompressedOops enabled, and the Java Heap may be blocking the growth of the native heap
# Possible solutions:
#   Reduce memory load on the system
#   Increase physical memory or swap space
#   Check if swap backing store is full
#   Decrease Java heap size (-Xmx/-Xms)
#   Decrease number of Java threads
#   Decrease Java thread stack sizes (-Xss)
#   Set larger code cache with -XX:ReservedCodeCacheSize=
#   JVM is running with Zero Based Compressed Oops mode in which the Java heap is
#     placed in the first 32GB address space. The Java Heap base address is the
#     maximum limit for the native heap growth. Please use -XX:HeapBaseMinAddress
#     to set the Java Heap base and to place the Java Heap above 32GB virtual address.
# This output file may be truncated or incomplete.
#
#  Out of Memory Error (allocation.cpp:389), pid=26072, tid=0x0000000000006450
#
# JRE version: Java(TM) SE Runtime Environment (8.0_202-b08) (build 1.8.0_202-b08)
# Java VM: Java HotSpot(TM) 64-Bit Server VM (25.202-b08 mixed mode windows-amd64 compressed oops)
# Failed to write core dump. Minidumps are not enabled by default on client versions of Windows
#

---------------  T H R E A D  ---------------

Current thread (0x000000001bf90000):  JavaThread "C2 CompilerThread1" daemon [_thread_in_native, id=25680, stack(0x000000001c990000,0x000000001ca90000)]

Stack: [0x000000001c990000,0x000000001ca90000]
[error occurred during error reporting (printing stack bounds), id 0xc0000005]

Native frames: (J=compiled Java code, j=interpreted, Vv=VM code, C=native code)


Current CompileTask:
C2:  17990 7007       4       com.sun.tools.javac.comp.Resolve::findMethod (432 bytes)


---------------  P R O C E S S  ---------------

Java Threads: ( => current thread )
  0x000000001bfdb800 JavaThread "Service Thread" daemon [_thread_blocked, id=29664, stack(0x000000001cc90000,0x000000001cd90000)]
  0x000000001bf9b000 JavaThread "C1 CompilerThread3" daemon [_thread_blocked, id=22832, stack(0x000000001cb90000,0x000000001cc90000)]
  0x000000001bf96000 JavaThread "C2 CompilerThread2" daemon [_thread_in_native, id=13584, stack(0x000000001ca90000,0x000000001cb90000)]
=>0x000000001bf90000 JavaThread "C2 CompilerThread1" daemon [_thread_in_native, id=25680, stack(0x000000001c990000,0x000000001ca90000)]
  0x000000001bf8c800 JavaThread "C2 CompilerThread0" daemon [_thread_in_native, id=17044, stack(0x000000001c890000,0x000000001c990000)]
  0x000000001bf88800 JavaThread "Attach Listener" daemon [_thread_blocked, id=17252, stack(0x000000001c790000,0x000000001c890000)]
  0x000000001bf87800 JavaThread "Signal Dispatcher" daemon [_thread_blocked, id=24752, stack(0x000000001c690000,0x000000001c790000)]
  0x000000001bf81000 JavaThread "Finalizer" daemon [_thread_blocked, id=7784, stack(0x000000001c460000,0x000000001c560000)]
  0x0000000002d28000 JavaThread "Reference Handler" daemon [_thread_blocked, id=3928, stack(0x000000001c360000,0x000000001c460000)]
  0x0000000002c32800 JavaThread "main" [_thread_in_vm, id=10636, stack(0x0000000002ac0000,0x0000000002bc0000)]

Other Threads:
  0x000000001a178000 VMThread [stack: 0x000000001be60000,0x000000001bf60000] [id=580]
  0x000000001bfdf000 WatcherThread [stack: 0x000000001cd90000,0x000000001ce90000] [id=2176]

VM state:not at safepoint (normal execution)

VM Mutex/Monitor currently owned by a thread: None

heap address: 0x0000000702800000, size: 3032 MB, Compressed Oops mode: Zero based, Oop shift amount: 3
Narrow klass base: 0x0000000000000000, Narrow klass shift: 3
Compressed class space size: 1073741824 Address: 0x00000007c0000000

Heap:
 PSYoungGen      total 211456K, used 92486K [0x0000000780d80000, 0x000000078f080000, 0x00000007c0000000)
  eden space 195072K, 39% used [0x0000000780d80000,0x00000007857d7100,0x000000078cc00000)
  from space 16384K, 99% used [0x000000078dd80000,0x000000078ed7aa18,0x000000078ed80000)
  to   space 17920K, 0% used [0x000000078cc00000,0x000000078cc00000,0x000000078dd80000)
 ParOldGen       total 106496K, used 78249K [0x0000000702800000, 0x0000000709000000, 0x0000000780d80000)
  object space 106496K, 73% used [0x0000000702800000,0x000000070746a7f0,0x0000000709000000)
 Metaspace       used 28736K, capacity 29536K, committed 29568K, reserved 1075200K
  class space    used 3207K, capacity 3427K, committed 3456K, reserved 1048576K

Card table byte_map: [0x00000000120f0000,0x00000000126e0000] byte_map_base: 0x000000000e8dc000

Marking Bits: (ParMarkBitMap*) 0x000000005e805ce0
 Begin Bits: [0x00000000132e0000, 0x0000000016240000)
 End Bits:   [0x0000000016240000, 0x00000000191a0000)

Polling page: 0x0000000002a00000

CodeCache: size=245760Kb used=23961Kb max_used=23980Kb free=221798Kb
 bounds [0x0000000002d30000, 0x00000000044c0000, 0x0000000011d30000]
 total_blobs=6672 nmethods=6239 adapters=345
 compilation: enabled

Compilation events (10 events):
Event: 17.739 Thread 0x000000001bf9b000 7212       3       javax.tools.StandardLocation::isOutputLocation (40 bytes)
Event: 17.739 Thread 0x000000001bf9b000 nmethod 7212 0x000000000446ff90 code [0x0000000004470100, 0x0000000004470350]
Event: 17.752 Thread 0x000000001bf96000 nmethod 7181 0x0000000004494c10 code [0x0000000004495060, 0x0000000004497378]
Event: 17.752 Thread 0x000000001bf96000 7205       4       com.sun.tools.javac.comp.Resolve::isAccessible (332 bytes)
Event: 17.792 Thread 0x000000001bf9b000 7213       3       com.sun.tools.javac.comp.Lower::accessConstructor (184 bytes)
Event: 17.795 Thread 0x000000001bf9b000 nmethod 7213 0x0000000004491a10 code [0x0000000004491d60, 0x00000000044939c8]
Event: 17.914 Thread 0x000000001bf9b000 7215       3       com.sun.tools.javac.comp.DeferredAttr$DeferredChecker$2::lookup (84 bytes)
Event: 17.915 Thread 0x000000001bf9b000 nmethod 7215 0x000000000449a590 code [0x000000000449a720, 0x000000000449ac78]
Event: 17.915 Thread 0x000000001bf9b000 7216       3       com.sun.tools.javac.comp.Resolve$LookupHelper::debug (1 bytes)
Event: 17.915 Thread 0x000000001bf9b000 nmethod 7216 0x000000000449ae90 code [0x000000000449afe0, 0x000000000449b130]

GC Heap History (10 events):
Event: 6.104 GC heap before
{Heap before GC invocations=5 (full 0):
 PSYoungGen      total 105984K, used 105953K [0x0000000780d80000, 0x0000000787c80000, 0x00000007c0000000)
  eden space 98304K, 99% used [0x0000000780d80000,0x0000000786d7c608,0x0000000786d80000)
  from space 7680K, 99% used [0x0000000787500000,0x0000000787c7c010,0x0000000787c80000)
  to   space 7680K, 0% used [0x0000000786d80000,0x0000000786d80000,0x0000000787500000)
 ParOldGen       total 130048K, used 10369K [0x0000000702800000, 0x000000070a700000, 0x0000000780d80000)
  object space 130048K, 7% used [0x0000000702800000,0x0000000703220658,0x000000070a700000)
 Metaspace       used 20428K, capacity 20966K, committed 20992K, reserved 1067008K
  class space    used 2440K, capacity 2552K, committed 2560K, reserved 1048576K
Event: 6.130 GC heap after
Heap after GC invocations=5 (full 0):
 PSYoungGen      total 105984K, used 7653K [0x0000000780d80000, 0x000000078ed80000, 0x00000007c0000000)
  eden space 98304K, 0% used [0x0000000780d80000,0x0000000780d80000,0x0000000786d80000)
  from space 7680K, 99% used [0x0000000786d80000,0x00000007874f9650,0x0000000787500000)
  to   space 16384K, 0% used [0x000000078dd80000,0x000000078dd80000,0x000000078ed80000)
 ParOldGen       total 130048K, used 17060K [0x0000000702800000, 0x000000070a700000, 0x0000000780d80000)
  object space 130048K, 13% used [0x0000000702800000,0x00000007038a9398,0x000000070a700000)
 Metaspace       used 20428K, capacity 20966K, committed 20992K, reserved 1067008K
  class space    used 2440K, capacity 2552K, committed 2560K, reserved 1048576K
}
Event: 6.448 GC heap before
{Heap before GC invocations=6 (full 0):
 PSYoungGen      total 105984K, used 57195K [0x0000000780d80000, 0x000000078ed80000, 0x00000007c0000000)
  eden space 98304K, 50% used [0x0000000780d80000,0x0000000783de1930,0x0000000786d80000)
  from space 7680K, 99% used [0x0000000786d80000,0x00000007874f9650,0x0000000787500000)
  to   space 16384K, 0% used [0x000000078dd80000,0x000000078dd80000,0x000000078ed80000)
 ParOldGen       total 130048K, used 17060K [0x0000000702800000, 0x000000070a700000, 0x0000000780d80000)
  object space 130048K, 13% used [0x0000000702800000,0x00000007038a9398,0x000000070a700000)
 Metaspace       used 20743K, capacity 21232K, committed 21248K, reserved 1069056K
  class space    used 2468K, capacity 2558K, committed 2560K, reserved 1048576K
Event: 6.479 GC heap after
Heap after GC invocations=6 (full 0):
 PSYoungGen      total 211456K, used 15302K [0x0000000780d80000, 0x000000078f080000, 0x00000007c0000000)
  eden space 195072K, 0% used [0x0000000780d80000,0x0000000780d80000,0x000000078cc00000)
  from space 16384K, 93% used [0x000000078dd80000,0x000000078ec71928,0x000000078ed80000)
  to   space 17920K, 0% used [0x000000078cc00000,0x000000078cc00000,0x000000078dd80000)
 ParOldGen       total 130048K, used 17068K [0x0000000702800000, 0x000000070a700000, 0x0000000780d80000)
  object space 130048K, 13% used [0x0000000702800000,0x00000007038ab398,0x000000070a700000)
 Metaspace       used 20743K, capacity 21232K, committed 21248K, reserved 1069056K
  class space    used 2468K, capacity 2558K, committed 2560K, reserved 1048576K
}
Event: 6.479 GC heap before
{Heap before GC invocations=7 (full 1):
 PSYoungGen      total 211456K, used 15302K [0x0000000780d80000, 0x000000078f080000, 0x00000007c0000000)
  eden space 195072K, 0% used [0x0000000780d80000,0x0000000780d80000,0x000000078cc00000)
  from space 16384K, 93% used [0x000000078dd80000,0x000000078ec71928,0x000000078ed80000)
  to   space 17920K, 0% used [0x000000078cc00000,0x000000078cc00000,0x000000078dd80000)
 ParOldGen       total 130048K, used 17068K [0x0000000702800000, 0x000000070a700000, 0x0000000780d80000)
  object space 130048K, 13% used [0x0000000702800000,0x00000007038ab398,0x000000070a700000)
 Metaspace       used 20743K, capacity 21232K, committed 21248K, reserved 1069056K
  class space    used 2468K, capacity 2558K, committed 2560K, reserved 1048576K
Event: 6.634 GC heap after
Heap after GC invocations=7 (full 1):
 PSYoungGen      total 211456K, used 0K [0x0000000780d80000, 0x000000078f080000, 0x00000007c0000000)
  eden space 195072K, 0% used [0x0000000780d80000,0x0000000780d80000,0x000000078cc00000)
  from space 16384K, 0% used [0x000000078dd80000,0x000000078dd80000,0x000000078ed80000)
  to   space 17920K, 0% used [0x000000078cc00000,0x000000078cc00000,0x000000078dd80000)
 ParOldGen       total 106496K, used 27905K [0x0000000702800000, 0x0000000709000000, 0x0000000780d80000)
  object space 106496K, 26% used [0x0000000702800000,0x0000000704340740,0x0000000709000000)
 Metaspace       used 20743K, capacity 21232K, committed 21248K, reserved 1069056K
  class space    used 2468K, capacity 2558K, committed 2560K, reserved 1048576K
}
Event: 9.274 GC heap before
{Heap before GC invocations=8 (full 1):
 PSYoungGen      total 211456K, used 195072K [0x0000000780d80000, 0x000000078f080000, 0x00000007c0000000)
  eden space 195072K, 100% used [0x0000000780d80000,0x000000078cc00000,0x000000078cc00000)
  from space 16384K, 0% used [0x000000078dd80000,0x000000078dd80000,0x000000078ed80000)
  to   space 17920K, 0% used [0x000000078cc00000,0x000000078cc00000,0x000000078dd80000)
 ParOldGen       total 106496K, used 27905K [0x0000000702800000, 0x0000000709000000, 0x0000000780d80000)
  object space 106496K, 26% used [0x0000000702800000,0x0000000704340740,0x0000000709000000)
 Metaspace       used 24242K, capacity 24872K, committed 25088K, reserved 1071104K
  class space    used 2811K, capacity 3001K, committed 3072K, reserved 1048576K
Event: 9.316 GC heap after
Heap after GC invocations=8 (full 1):
 PSYoungGen      total 212992K, used 17888K [0x0000000780d80000, 0x000000078f080000, 0x00000007c0000000)
  eden space 195072K, 0% used [0x0000000780d80000,0x0000000780d80000,0x000000078cc00000)
  from space 17920K, 99% used [0x000000078cc00000,0x000000078dd780c8,0x000000078dd80000)
  to   space 16384K, 0% used [0x000000078dd80000,0x000000078dd80000,0x000000078ed80000)
 ParOldGen       total 106496K, used 52571K [0x0000000702800000, 0x0000000709000000, 0x0000000780d80000)
  object space 106496K, 49% used [0x0000000702800000,0x0000000705b56e30,0x0000000709000000)
 Metaspace       used 24242K, capacity 24872K, committed 25088K, reserved 1071104K
  class space    used 2811K, capacity 3001K, committed 3072K, reserved 1048576K
}
Event: 13.766 GC heap before
{Heap before GC invocations=9 (full 1):
 PSYoungGen      total 212992K, used 212960K [0x0000000780d80000, 0x000000078f080000, 0x00000007c0000000)
  eden space 195072K, 100% used [0x0000000780d80000,0x000000078cc00000,0x000000078cc00000)
  from space 17920K, 99% used [0x000000078cc00000,0x000000078dd780c8,0x000000078dd80000)
  to   space 16384K, 0% used [0x000000078dd80000,0x000000078dd80000,0x000000078ed80000)
 ParOldGen       total 106496K, used 52571K [0x0000000702800000, 0x0000000709000000, 0x0000000780d80000)
  object space 106496K, 49% used [0x0000000702800000,0x0000000705b56e30,0x0000000709000000)
 Metaspace       used 27100K, capacity 27936K, committed 28160K, reserved 1075200K
  class space    used 3082K, capacity 3299K, committed 3328K, reserved 1048576K
Event: 13.829 GC heap after
Heap after GC invocations=9 (full 1):
 PSYoungGen      total 211456K, used 16362K [0x0000000780d80000, 0x000000078f080000, 0x00000007c0000000)
  eden space 195072K, 0% used [0x0000000780d80000,0x0000000780d80000,0x000000078cc00000)
  from space 16384K, 99% used [0x000000078dd80000,0x000000078ed7aa18,0x000000078ed80000)
  to   space 17920K, 0% used [0x000000078cc00000,0x000000078cc00000,0x000000078dd80000)
 ParOldGen       total 106496K, used 78249K [0x0000000702800000, 0x0000000709000000, 0x0000000780d80000)
  object space 106496K, 73% used [0x0000000702800000,0x000000070746a7f0,0x0000000709000000)
 Metaspace       used 27100K, capacity 27936K, committed 28160K, reserved 1075200K
  class space    used 3082K, capacity 3299K, committed 3328K, reserved 1048576K
}

Deoptimization events (10 events):
Event: 17.183 Thread 0x0000000002c32800 Uncommon trap: reason=class_check action=maybe_recompile pc=0x000000000427bebc method=com.sun.tools.javac.code.Types.isSubtypeUncheckedInternal(Lcom/sun/tools/javac/code/Type;Lcom/sun/tools/javac/code/Type;Lcom/sun/tools/javac/util/Warner;)Z @ 21
Event: 17.183 Thread 0x0000000002c32800 Uncommon trap: reason=class_check action=maybe_recompile pc=0x000000000427bebc method=com.sun.tools.javac.code.Types.isSubtypeUncheckedInternal(Lcom/sun/tools/javac/code/Type;Lcom/sun/tools/javac/code/Type;Lcom/sun/tools/javac/util/Warner;)Z @ 21
Event: 17.185 Thread 0x0000000002c32800 Uncommon trap: reason=unstable_if action=reinterpret pc=0x000000000427bea0 method=com.sun.tools.javac.code.Types.isSubtypeUncheckedInternal(Lcom/sun/tools/javac/code/Type;Lcom/sun/tools/javac/code/Type;Lcom/sun/tools/javac/util/Warner;)Z @ 92
Event: 17.407 Thread 0x0000000002c32800 Uncommon trap: reason=bimorphic action=maybe_recompile pc=0x00000000042e4720 method=com.sun.tools.javac.code.Types$14.visitClassType(Lcom/sun/tools/javac/code/Type$ClassType;Lcom/sun/tools/javac/code/Symbol;)Lcom/sun/tools/javac/code/Type; @ 82
Event: 17.407 Thread 0x0000000002c32800 Uncommon trap: reason=bimorphic action=maybe_recompile pc=0x000000000421cfa0 method=com.sun.tools.javac.code.Type$ClassType.isRaw()Z @ 28
Event: 17.407 Thread 0x0000000002c32800 Uncommon trap: reason=bimorphic action=maybe_recompile pc=0x00000000042e4720 method=com.sun.tools.javac.code.Types$14.visitClassType(Lcom/sun/tools/javac/code/Type$ClassType;Lcom/sun/tools/javac/code/Symbol;)Lcom/sun/tools/javac/code/Type; @ 82
Event: 17.463 Thread 0x0000000002c32800 Uncommon trap: reason=bimorphic action=maybe_recompile pc=0x00000000042ed56c method=com.sun.tools.javac.code.Types$14.visitClassType(Lcom/sun/tools/javac/code/Type$ClassType;Lcom/sun/tools/javac/code/Symbol;)Lcom/sun/tools/javac/code/Type; @ 82
Event: 17.463 Thread 0x0000000002c32800 Uncommon trap: reason=bimorphic action=maybe_recompile pc=0x000000000421cfa0 method=com.sun.tools.javac.code.Type$ClassType.isRaw()Z @ 28
Event: 17.464 Thread 0x0000000002c32800 Uncommon trap: reason=bimorphic action=maybe_recompile pc=0x000000000421cfa0 method=com.sun.tools.javac.code.Type$ClassType.isRaw()Z @ 28
Event: 17.465 Thread 0x0000000002c32800 Uncommon trap: reason=bimorphic action=maybe_recompile pc=0x000000000421cfa0 method=com.sun.tools.javac.code.Type$ClassType.isRaw()Z @ 28

Classes redefined (0 events):
No events

Internal exceptions (10 events):
Event: 8.466 Thread 0x000000001e704800 Exception <a 'java/lang/NoSuchFieldError': method resolution failed> (0x00000007882409c8) thrown at [C:\re\workspace\8-2-build-windows-amd64-cygwin\jdk8u202\12323\hotspot\src\share\vm\prims\methodHandles.cpp, line 1167]
Event: 8.468 Thread 0x000000001e704800 Exception <a 'java/lang/NoSuchFieldError': method resolution failed> (0x000000078824e088) thrown at [C:\re\workspace\8-2-build-windows-amd64-cygwin\jdk8u202\12323\hotspot\src\share\vm\prims\methodHandles.cpp, line 1167]
Event: 8.553 Thread 0x000000001e704800 Exception <a 'java/lang/IncompatibleClassChangeError': Found class java.lang.Object, but interface was expected> (0x000000078856b8d8) thrown at [C:\re\workspace\8-2-build-windows-amd64-cygwin\jdk8u202\12323\hotspot\src\share\vm\interpreter\linkResolver.cp
Event: 8.632 Thread 0x000000001e704800 Implicit null exception at 0x0000000003a010cf to 0x0000000003a011d5
Event: 10.065 Thread 0x0000000002c32800 Exception <a 'java/lang/NoClassDefFoundError': org/sonatype/aether/graph/Dependency> (0x0000000784775c98) thrown at [C:\re\workspace\8-2-build-windows-amd64-cygwin\jdk8u202\12323\hotspot\src\share\vm\classfile\systemDictionary.cpp, line 199]
Event: 10.129 Thread 0x0000000002c32800 Exception <a 'java/lang/NoSuchMethodError': java.lang.Object.lambda$comparing$77a9974f$1(Ljava/util/function/Function;Ljava/lang/Object;Ljava/lang/Object;)I> (0x000000078499f1c8) thrown at [C:\re\workspace\8-2-build-windows-amd64-cygwin\jdk8u202\12323\hot
Event: 10.132 Thread 0x0000000002c32800 Exception <a 'java/lang/NoSuchMethodError': java.lang.Object.lambda$comparingByKey$6d558cbf$1(Ljava/util/Comparator;Ljava/util/Map$Entry;Ljava/util/Map$Entry;)I> (0x00000007849ab3f0) thrown at [C:\re\workspace\8-2-build-windows-amd64-cygwin\jdk8u202\12323
Event: 10.161 Thread 0x0000000002c32800 Implicit null exception at 0x00000000032d901b to 0x00000000032d94b1
Event: 12.913 Thread 0x0000000002c32800 Exception <a 'java/io/FileNotFoundException'> (0x000000078bb6f4c8) thrown at [C:\re\workspace\8-2-build-windows-amd64-cygwin\jdk8u202\12323\hotspot\src\share\vm\prims\jni.cpp, line 710]
Event: 12.914 Thread 0x0000000002c32800 Exception <a 'java/io/FileNotFoundException'> (0x000000078bb70f80) thrown at [C:\re\workspace\8-2-build-windows-amd64-cygwin\jdk8u202\12323\hotspot\src\share\vm\prims\jni.cpp, line 710]

Events (10 events):
Event: 17.463 Thread 0x0000000002c32800 DEOPT PACKING pc=0x000000000421cfa0 sp=0x0000000002bbb2e0
Event: 17.464 Thread 0x0000000002c32800 DEOPT UNPACKING pc=0x0000000002d7583b sp=0x0000000002bbb2d0 mode 2
Event: 17.464 Thread 0x0000000002c32800 Uncommon trap: trap_request=0xffffffc6 fr.pc=0x000000000421cfa0
Event: 17.464 Thread 0x0000000002c32800 DEOPT PACKING pc=0x000000000421cfa0 sp=0x0000000002bbb540
Event: 17.464 Thread 0x0000000002c32800 DEOPT UNPACKING pc=0x0000000002d7583b sp=0x0000000002bbb530 mode 2
Event: 17.465 Thread 0x0000000002c32800 Uncommon trap: trap_request=0xffffffc6 fr.pc=0x000000000421cfa0
Event: 17.465 Thread 0x0000000002c32800 DEOPT PACKING pc=0x000000000421cfa0 sp=0x0000000002bbbd70
Event: 17.465 Thread 0x0000000002c32800 DEOPT UNPACKING pc=0x0000000002d7583b sp=0x0000000002bbbd60 mode 2
Event: 17.639 Executing VM operation: ForceSafepoint
Event: 17.639 Executing VM operation: ForceSafepoint done


Dynamic libraries:
0x00007ff6d73b0000 - 0x00007ff6d73e7000 	C:\Program Files\Java\jdk1.8.0_202\bin\java.exe
0x00007fff5cf80000 - 0x00007fff5d189000 	C:\Windows\SYSTEM32\ntdll.dll
0x00007fff5b780000 - 0x00007fff5b83d000 	C:\Windows\System32\KERNEL32.DLL
0x00007fff5a6d0000 - 0x00007fff5aa54000 	C:\Windows\System32\KERNELBASE.dll
0x00007fff5b590000 - 0x00007fff5b63e000 	C:\Windows\System32\ADVAPI32.dll
0x00007fff5b640000 - 0x00007fff5b6e3000 	C:\Windows\System32\msvcrt.dll
0x00007fff5bd00000 - 0x00007fff5bd9e000 	C:\Windows\System32\sechost.dll
0x00007fff5bb60000 - 0x00007fff5bc81000 	C:\Windows\System32\RPCRT4.dll
0x00007fff5cd60000 - 0x00007fff5cf0d000 	C:\Windows\System32\USER32.dll
0x00007fff5a410000 - 0x00007fff5a436000 	C:\Windows\System32\win32u.dll
0x00007fff5b750000 - 0x00007fff5b77a000 	C:\Windows\System32\GDI32.dll
0x00007fff5acb0000 - 0x00007fff5adce000 	C:\Windows\System32\gdi32full.dll
0x00007fff5aad0000 - 0x00007fff5ab6d000 	C:\Windows\System32\msvcp_win.dll
0x00007fff5a440000 - 0x00007fff5a551000 	C:\Windows\System32\ucrtbase.dll
0x00007fff406f0000 - 0x00007fff40995000 	C:\Windows\WinSxS\amd64_microsoft.windows.common-controls_6595b64144ccf1df_6.0.22000.120_none_9d947278b86cc467\COMCTL32.dll
0x00007fff5c220000 - 0x00007fff5c251000 	C:\Windows\System32\IMM32.DLL
0x000000005f180000 - 0x000000005f252000 	C:\Program Files\Java\jdk1.8.0_202\jre\bin\msvcr100.dll
0x000000005dfe0000 - 0x000000005e885000 	C:\Program Files\Java\jdk1.8.0_202\jre\bin\server\jvm.dll
0x00007fff5cf30000 - 0x00007fff5cf38000 	C:\Windows\System32\PSAPI.DLL
0x00007fff54cb0000 - 0x00007fff54ce3000 	C:\Windows\SYSTEM32\WINMM.dll
0x00007fff56940000 - 0x00007fff56949000 	C:\Windows\SYSTEM32\WSOCK32.dll
0x00007fff54c40000 - 0x00007fff54c4a000 	C:\Windows\SYSTEM32\VERSION.dll
0x00007fff5b490000 - 0x00007fff5b4ff000 	C:\Windows\System32\WS2_32.dll
0x00007fff56820000 - 0x00007fff5682f000 	C:\Program Files\Java\jdk1.8.0_202\jre\bin\verify.dll
0x00007fff26090000 - 0x00007fff260b9000 	C:\Program Files\Java\jdk1.8.0_202\jre\bin\java.dll
0x00007fff51ab0000 - 0x00007fff51ac6000 	C:\Program Files\Java\jdk1.8.0_202\jre\bin\zip.dll
0x00007fff5c3d0000 - 0x00007fff5cb95000 	C:\Windows\System32\SHELL32.dll
0x00007fff584f0000 - 0x00007fff58d52000 	C:\Windows\SYSTEM32\windows.storage.dll
0x00007fff5ae70000 - 0x00007fff5b1e6000 	C:\Windows\System32\combase.dll
0x00007fff58380000 - 0x00007fff584e7000 	C:\Windows\SYSTEM32\wintypes.dll
0x00007fff5c260000 - 0x00007fff5c34a000 	C:\Windows\System32\SHCORE.dll
0x00007fff5b6f0000 - 0x00007fff5b74d000 	C:\Windows\System32\shlwapi.dll
0x00007fff5a340000 - 0x00007fff5a365000 	C:\Windows\SYSTEM32\profapi.dll
0x00007fff564b0000 - 0x00007fff564ba000 	C:\Program Files\NetBeans-12.5\netbeans\java\maven\lib\jansi-native\windows64\jansi.dll
0x00007fff48a50000 - 0x00007fff48a6a000 	C:\Program Files\Java\jdk1.8.0_202\jre\bin\net.dll
0x00007fff53910000 - 0x00007fff53b00000 	C:\Windows\SYSTEM32\urlmon.dll
0x00007fff52ea0000 - 0x00007fff5315e000 	C:\Windows\SYSTEM32\iertutil.dll
0x00007fff53160000 - 0x00007fff53189000 	C:\Windows\SYSTEM32\srvcli.dll
0x00007fff59080000 - 0x00007fff5908c000 	C:\Windows\SYSTEM32\netutils.dll
0x00007fff59a20000 - 0x00007fff59a87000 	C:\Windows\system32\mswsock.dll
0x00007fff32e30000 - 0x00007fff32e42000 	C:\Program Files\Java\jdk1.8.0_202\jre\bin\nio.dll

VM Arguments:
jvm_args: -Dclassworlds.conf=C:\Program Files\NetBeans-12.5\netbeans\java\maven\bin\..\bin\m2.conf -Dmaven.home=C:\Program Files\NetBeans-12.5\netbeans\java\maven\bin\.. -Dlibrary.jansi.path=C:\Program Files\NetBeans-12.5\netbeans\java\maven\bin\..\lib\jansi-native -Dmaven.multiModuleProjectDirectory=C:\Users\Yosra\Desktop\template-core 
java_command: org.codehaus.plexus.classworlds.launcher.Launcher -Dmaven.ext.class.path=C:\Program Files\NetBeans-12.5\netbeans\java\maven-nblib\netbeans-eventspy.jar -Dfile.encoding=UTF-8 install
java_class_path (initial): C:\Program Files\NetBeans-12.5\netbeans\java\maven\bin\..\boot\plexus-classworlds-2.6.0.jar
Launcher Type: SUN_STANDARD

Environment Variables:
JAVA_HOME=C:\Program Files\Java\jdk1.8.0_202
PATH=C:\Python312\Scripts\;C:\Python312\;C:\Program Files\Microsoft MPI\Bin\;C:\Program Files\Java\jdk-17\bin;C:\Program Files\Java\jdk1.8.0_202\bin;C:\Program Files\Common Files\Oracle\Java\javapath;C:\ProgramData\Oracle\Java\javapath;C:\Users\Yosra\AppData\Local\Programs\Python\Python312;C:\Program Files (x86)\Common Files\Oracle\Java\javapath;C:\Windows\system32;C:\Windows;C:\Windows\System32\Wbem;C:\Windows\System32\WindowsPowerShell\v1.0\;C:\Windows\System32\OpenSSH\;C:\Program Files (x86)\NVIDIA Corporation\PhysX\Common;C:\Program Files\Git\cmd;C:\flutter\bin;D:\Dev\Outils\Maven\apache-maven-3.9.4\bin;C:\Program Files (x86)\Microsoft SQL Server\150\Tools\Binn\;C:\Program Files\Microsoft SQL Server\150\Tools\Binn\;C:\Program Files (x86)\Microsoft SQL Server\150\DTS\Binn\;C:\Program Files\Microsoft SQL Server\150\DTS\Binn\;C:\Program Files\Microsoft SQL Server\Client SDK\ODBC\170\Tools\Binn\;C:\Program Files (x86)\Microsoft SQL Server\160\DTS\Binn\;C:\Program Files\Azure Data Studio\bin;C:\ProgramData\chocolatey\bin;C:\Program Files\nodejs\;C:\Users\Yosra\AppData\Local\Microsoft\WindowsApps;C:\Users\Yosra\AppData\Local\Programs\Microsoft VS Code\bin;D:\Dev\SOA\EDI\IntelliJ IDEA Community Edition 2023.2.2\bin;;C:\Program Files\JetBrains\IntelliJ IDEA 2023.2.4\bin;;C:\Users\Yosra\AppData\Local\Pub\Cache\bin;;C:\Program Files\Azure Data Studio\bin;C:\Users\Yosra\AppData\Roaming\npm
USERNAME=Yosra
OS=Windows_NT
PROCESSOR_IDENTIFIER=Intel64 Family 6 Model 142 Stepping 12, GenuineIntel



---------------  S Y S T E M  ---------------

OS: Windows 10.0 , 64 bit Build 22000 (10.0.22000.2538)

CPU:total 8 (initial active 8) (4 cores per cpu, 2 threads per core) family 6 model 142 stepping 12, cmov, cx8, fxsr, mmx, sse, sse2, sse3, ssse3, sse4.1, sse4.2, popcnt, avx, avx2, aes, clmul, erms, 3dnowpref, lzcnt, ht, tsc, tscinvbit, bmi1, bmi2, adx

Memory: 4k page, physical 12412724k(1993484k free), swap 21325620k(5720k free)

vm_info: Java HotSpot(TM) 64-Bit Server VM (25.202-b08) for windows-amd64 JRE (1.8.0_202-b08), built on Dec 15 2018 19:54:30 by "java_re" with MS VC++ 10.0 (VS2010)

time: Thu Apr 18 11:45:05 2024
timezone: Maroc (heure d’été)
elapsed time: 17 seconds (0d 0h 0m 17s)

