#
# There is insufficient memory for the Java Runtime Environment to continue.
# Native memory allocation (malloc) failed to allocate 32744 bytes for ChunkPool::allocate
# Possible reasons:
#   The system is out of physical RAM or swap space
#   The process is running with CompressedOops enabled, and the Java Heap may be blocking the growth of the native heap
# Possible solutions:
#   Reduce memory load on the system
#   Increase physical memory or swap space
#   Check if swap backing store is full
#   Decrease Java heap size (-Xmx/-Xms)
#   Decrease number of Java threads
#   Decrease Java thread stack sizes (-Xss)
#   Set larger code cache with -XX:ReservedCodeCacheSize=
#   JVM is running with Zero Based Compressed Oops mode in which the Java heap is
#     placed in the first 32GB address space. The Java Heap base address is the
#     maximum limit for the native heap growth. Please use -XX:HeapBaseMinAddress
#     to set the Java Heap base and to place the Java Heap above 32GB virtual address.
# This output file may be truncated or incomplete.
#
#  Out of Memory Error (allocation.cpp:272), pid=11856, tid=0x00000000000029e8
#
# JRE version: Java(TM) SE Runtime Environment (8.0_202-b08) (build 1.8.0_202-b08)
# Java VM: Java HotSpot(TM) 64-Bit Server VM (25.202-b08 mixed mode windows-amd64 compressed oops)
# Failed to write core dump. Minidumps are not enabled by default on client versions of Windows
#

---------------  T H R E A D  ---------------

Current thread (0x000000001c0df000):  JavaThread "C2 CompilerThread0" daemon [_thread_in_native, id=10728, stack(0x000000001c9e0000,0x000000001cae0000)]

Stack: [0x000000001c9e0000,0x000000001cae0000]
[error occurred during error reporting (printing stack bounds), id 0xc0000005]

Native frames: (J=compiled Java code, j=interpreted, Vv=VM code, C=native code)


Current CompileTask:
C2:  17345 5796   !   4       com.sun.tools.javac.parser.JavaTokenizer::readToken (2243 bytes)


---------------  P R O C E S S  ---------------

Java Threads: ( => current thread )
  0x000000001c177000 JavaThread "Service Thread" daemon [_thread_blocked, id=5936, stack(0x000000001cde0000,0x000000001cee0000)]
  0x000000001c0ef000 JavaThread "C1 CompilerThread3" daemon [_thread_blocked, id=15112, stack(0x000000001cce0000,0x000000001cde0000)]
  0x000000001c0e7000 JavaThread "C2 CompilerThread2" daemon [_thread_in_native, id=12888, stack(0x000000001cbe0000,0x000000001cce0000)]
  0x000000001c0e1000 JavaThread "C2 CompilerThread1" daemon [_thread_in_vm, id=19748, stack(0x000000001cae0000,0x000000001cbe0000)]
=>0x000000001c0df000 JavaThread "C2 CompilerThread0" daemon [_thread_in_native, id=10728, stack(0x000000001c9e0000,0x000000001cae0000)]
  0x000000001c0dc800 JavaThread "Attach Listener" daemon [_thread_blocked, id=19548, stack(0x000000001c8e0000,0x000000001c9e0000)]
  0x000000001a2c5800 JavaThread "Signal Dispatcher" daemon [_thread_blocked, id=3444, stack(0x000000001c7e0000,0x000000001c8e0000)]
  0x000000001c0d1000 JavaThread "Finalizer" daemon [_thread_blocked, id=18628, stack(0x000000001c5b0000,0x000000001c6b0000)]
  0x000000001a2bd800 JavaThread "Reference Handler" daemon [_thread_blocked, id=28412, stack(0x000000001c4b0000,0x000000001c5b0000)]
  0x0000000002d22800 JavaThread "main" [_thread_in_Java, id=9772, stack(0x0000000002bf0000,0x0000000002cf0000)]

Other Threads:
  0x000000001a2b9800 VMThread [stack: 0x000000001bfb0000,0x000000001c0b0000] [id=25732]
  0x000000001c1aa000 WatcherThread [stack: 0x000000001cee0000,0x000000001cfe0000] [id=17160]

VM state:not at safepoint (normal execution)

VM Mutex/Monitor currently owned by a thread: None

heap address: 0x0000000702800000, size: 3032 MB, Compressed Oops mode: Zero based, Oop shift amount: 3
Narrow klass base: 0x0000000000000000, Narrow klass shift: 3
Compressed class space size: 1073741824 Address: 0x00000007c0000000

Heap:
 PSYoungGen      total 164352K, used 138701K [0x0000000780d80000, 0x0000000790000000, 0x00000007c0000000)
  eden space 137728K, 81% used [0x0000000780d80000,0x0000000787afb3f0,0x0000000789400000)
  from space 26624K, 99% used [0x0000000789400000,0x000000078adf82d8,0x000000078ae00000)
  to   space 33792K, 0% used [0x000000078df00000,0x000000078df00000,0x0000000790000000)
 ParOldGen       total 104960K, used 49391K [0x0000000702800000, 0x0000000708e80000, 0x0000000780d80000)
  object space 104960K, 47% used [0x0000000702800000,0x000000070583bec8,0x0000000708e80000)
 Metaspace       used 27157K, capacity 27908K, committed 28160K, reserved 1075200K
  class space    used 3087K, capacity 3308K, committed 3328K, reserved 1048576K

Card table byte_map: [0x0000000012230000,0x0000000012820000] byte_map_base: 0x000000000ea1c000

Marking Bits: (ParMarkBitMap*) 0x000000005e805ce0
 Begin Bits: [0x0000000013420000, 0x0000000016380000)
 End Bits:   [0x0000000016380000, 0x00000000192e0000)

Polling page: 0x00000000013a0000

CodeCache: size=245760Kb used=19168Kb max_used=19168Kb free=226591Kb
 bounds [0x0000000002e70000, 0x0000000004140000, 0x0000000011e70000]
 total_blobs=5460 nmethods=5030 adapters=342
 compilation: enabled

Compilation events (10 events):
Event: 17.333 Thread 0x000000001c0ef000 5822       3       com.sun.tools.javac.parser.JavaTokenizer$BasicComment::<init> (25 bytes)
Event: 17.333 Thread 0x000000001c0ef000 nmethod 5822 0x000000000412c290 code [0x000000000412c3e0, 0x000000000412c5d0]
Event: 17.333 Thread 0x000000001c0ef000 5823       3       com.sun.tools.javac.parser.JavaTokenizer::addComment (17 bytes)
Event: 17.334 Thread 0x000000001c0ef000 nmethod 5823 0x00000000041300d0 code [0x0000000004130280, 0x0000000004130910]
Event: 17.334 Thread 0x000000001c0e1000 nmethod 5817 0x0000000004128550 code [0x0000000004128680, 0x0000000004128738]
Event: 17.337 Thread 0x000000001c0e1000 5824       4       com.sun.tools.javac.util.ListBuffer::clear (23 bytes)
Event: 17.337 Thread 0x000000001c0e1000 nmethod 5824 0x00000000040f0590 code [0x00000000040f06c0, 0x00000000040f0738]
Event: 17.339 Thread 0x000000001c0ef000 5825       3       com.sun.tools.javac.parser.JavacParser::parseCompilationUnit (430 bytes)
Event: 17.340 Thread 0x000000001c0e1000 5826       4       com.sun.tools.javac.tree.JCTree$JCExpression::<init> (5 bytes)
Event: 17.340 Thread 0x000000001c0e1000 nmethod 5826 0x000000000411c510 code [0x000000000411c640, 0x000000000411c698]

GC Heap History (10 events):
Event: 9.035 GC heap before
{Heap before GC invocations=6 (full 0):
 PSYoungGen      total 56832K, used 38026K [0x0000000780d80000, 0x0000000788a80000, 0x00000007c0000000)
  eden space 49152K, 61% used [0x0000000780d80000,0x0000000782b2a878,0x0000000783d80000)
  from space 7680K, 99% used [0x0000000783d80000,0x00000007844f8040,0x0000000784500000)
  to   space 14848K, 0% used [0x0000000787c00000,0x0000000787c00000,0x0000000788a80000)
 ParOldGen       total 130048K, used 14905K [0x0000000702800000, 0x000000070a700000, 0x0000000780d80000)
  object space 130048K, 11% used [0x0000000702800000,0x000000070368e520,0x000000070a700000)
 Metaspace       used 20534K, capacity 21142K, committed 21296K, reserved 1069056K
  class space    used 2459K, capacity 2631K, committed 2688K, reserved 1048576K
Event: 9.053 GC heap after
Heap after GC invocations=6 (full 0):
 PSYoungGen      total 112128K, used 10204K [0x0000000780d80000, 0x0000000788980000, 0x00000007c0000000)
  eden space 98304K, 0% used [0x0000000780d80000,0x0000000780d80000,0x0000000786d80000)
  from space 13824K, 73% used [0x0000000787c00000,0x00000007885f71c0,0x0000000788980000)
  to   space 14336K, 0% used [0x0000000786d80000,0x0000000786d80000,0x0000000787b80000)
 ParOldGen       total 130048K, used 14913K [0x0000000702800000, 0x000000070a700000, 0x0000000780d80000)
  object space 130048K, 11% used [0x0000000702800000,0x0000000703690520,0x000000070a700000)
 Metaspace       used 20534K, capacity 21142K, committed 21296K, reserved 1069056K
  class space    used 2459K, capacity 2631K, committed 2688K, reserved 1048576K
}
Event: 9.053 GC heap before
{Heap before GC invocations=7 (full 1):
 PSYoungGen      total 112128K, used 10204K [0x0000000780d80000, 0x0000000788980000, 0x00000007c0000000)
  eden space 98304K, 0% used [0x0000000780d80000,0x0000000780d80000,0x0000000786d80000)
  from space 13824K, 73% used [0x0000000787c00000,0x00000007885f71c0,0x0000000788980000)
  to   space 14336K, 0% used [0x0000000786d80000,0x0000000786d80000,0x0000000787b80000)
 ParOldGen       total 130048K, used 14913K [0x0000000702800000, 0x000000070a700000, 0x0000000780d80000)
  object space 130048K, 11% used [0x0000000702800000,0x0000000703690520,0x000000070a700000)
 Metaspace       used 20534K, capacity 21142K, committed 21296K, reserved 1069056K
  class space    used 2459K, capacity 2631K, committed 2688K, reserved 1048576K
Event: 9.214 GC heap after
Heap after GC invocations=7 (full 1):
 PSYoungGen      total 112128K, used 0K [0x0000000780d80000, 0x0000000788980000, 0x00000007c0000000)
  eden space 98304K, 0% used [0x0000000780d80000,0x0000000780d80000,0x0000000786d80000)
  from space 13824K, 0% used [0x0000000787c00000,0x0000000787c00000,0x0000000788980000)
  to   space 14336K, 0% used [0x0000000786d80000,0x0000000786d80000,0x0000000787b80000)
 ParOldGen       total 104960K, used 21145K [0x0000000702800000, 0x0000000708e80000, 0x0000000780d80000)
  object space 104960K, 20% used [0x0000000702800000,0x0000000703ca6790,0x0000000708e80000)
 Metaspace       used 20534K, capacity 21142K, committed 21296K, reserved 1069056K
  class space    used 2459K, capacity 2631K, committed 2688K, reserved 1048576K
}
Event: 10.762 GC heap before
{Heap before GC invocations=8 (full 1):
 PSYoungGen      total 112128K, used 98304K [0x0000000780d80000, 0x0000000788980000, 0x00000007c0000000)
  eden space 98304K, 100% used [0x0000000780d80000,0x0000000786d80000,0x0000000786d80000)
  from space 13824K, 0% used [0x0000000787c00000,0x0000000787c00000,0x0000000788980000)
  to   space 14336K, 0% used [0x0000000786d80000,0x0000000786d80000,0x0000000787b80000)
 ParOldGen       total 104960K, used 21145K [0x0000000702800000, 0x0000000708e80000, 0x0000000780d80000)
  object space 104960K, 20% used [0x0000000702800000,0x0000000703ca6790,0x0000000708e80000)
 Metaspace       used 22309K, capacity 22944K, committed 23216K, reserved 1069056K
  class space    used 2619K, capacity 2765K, committed 2816K, reserved 1048576K
Event: 10.803 GC heap after
Heap after GC invocations=8 (full 1):
 PSYoungGen      total 112640K, used 14326K [0x0000000780d80000, 0x000000078c000000, 0x00000007c0000000)
  eden space 98304K, 0% used [0x0000000780d80000,0x0000000780d80000,0x0000000786d80000)
  from space 14336K, 99% used [0x0000000786d80000,0x0000000787b7dab0,0x0000000787b80000)
  to   space 18432K, 0% used [0x000000078ae00000,0x000000078ae00000,0x000000078c000000)
 ParOldGen       total 104960K, used 26347K [0x0000000702800000, 0x0000000708e80000, 0x0000000780d80000)
  object space 104960K, 25% used [0x0000000702800000,0x00000007041baf88,0x0000000708e80000)
 Metaspace       used 22309K, capacity 22944K, committed 23216K, reserved 1069056K
  class space    used 2619K, capacity 2765K, committed 2816K, reserved 1048576K
}
Event: 13.118 GC heap before
{Heap before GC invocations=9 (full 1):
 PSYoungGen      total 112640K, used 112630K [0x0000000780d80000, 0x000000078c000000, 0x00000007c0000000)
  eden space 98304K, 100% used [0x0000000780d80000,0x0000000786d80000,0x0000000786d80000)
  from space 14336K, 99% used [0x0000000786d80000,0x0000000787b7dab0,0x0000000787b80000)
  to   space 18432K, 0% used [0x000000078ae00000,0x000000078ae00000,0x000000078c000000)
 ParOldGen       total 104960K, used 26347K [0x0000000702800000, 0x0000000708e80000, 0x0000000780d80000)
  object space 104960K, 25% used [0x0000000702800000,0x00000007041baf88,0x0000000708e80000)
 Metaspace       used 24402K, capacity 25068K, committed 25344K, reserved 1071104K
  class space    used 2839K, capacity 3042K, committed 3072K, reserved 1048576K
Event: 13.154 GC heap after
Heap after GC invocations=9 (full 1):
 PSYoungGen      total 156160K, used 18416K [0x0000000780d80000, 0x000000078cf80000, 0x00000007c0000000)
  eden space 137728K, 0% used [0x0000000780d80000,0x0000000780d80000,0x0000000789400000)
  from space 18432K, 99% used [0x000000078ae00000,0x000000078bffc3a8,0x000000078c000000)
  to   space 26624K, 0% used [0x0000000789400000,0x0000000789400000,0x000000078ae00000)
 ParOldGen       total 104960K, used 40019K [0x0000000702800000, 0x0000000708e80000, 0x0000000780d80000)
  object space 104960K, 38% used [0x0000000702800000,0x0000000704f14fa8,0x0000000708e80000)
 Metaspace       used 24402K, capacity 25068K, committed 25344K, reserved 1071104K
  class space    used 2839K, capacity 3042K, committed 3072K, reserved 1048576K
}
Event: 14.819 GC heap before
{Heap before GC invocations=10 (full 1):
 PSYoungGen      total 156160K, used 156144K [0x0000000780d80000, 0x000000078cf80000, 0x00000007c0000000)
  eden space 137728K, 100% used [0x0000000780d80000,0x0000000789400000,0x0000000789400000)
  from space 18432K, 99% used [0x000000078ae00000,0x000000078bffc3a8,0x000000078c000000)
  to   space 26624K, 0% used [0x0000000789400000,0x0000000789400000,0x000000078ae00000)
 ParOldGen       total 104960K, used 40019K [0x0000000702800000, 0x0000000708e80000, 0x0000000780d80000)
  object space 104960K, 38% used [0x0000000702800000,0x0000000704f14fa8,0x0000000708e80000)
 Metaspace       used 25253K, capacity 25930K, committed 26240K, reserved 1073152K
  class space    used 2923K, capacity 3115K, committed 3200K, reserved 1048576K
Event: 14.865 GC heap after
Heap after GC invocations=10 (full 1):
 PSYoungGen      total 164352K, used 26592K [0x0000000780d80000, 0x0000000790000000, 0x00000007c0000000)
  eden space 137728K, 0% used [0x0000000780d80000,0x0000000780d80000,0x0000000789400000)
  from space 26624K, 99% used [0x0000000789400000,0x000000078adf82d8,0x000000078ae00000)
  to   space 33792K, 0% used [0x000000078df00000,0x000000078df00000,0x0000000790000000)
 ParOldGen       total 104960K, used 49391K [0x0000000702800000, 0x0000000708e80000, 0x0000000780d80000)
  object space 104960K, 47% used [0x0000000702800000,0x000000070583bec8,0x0000000708e80000)
 Metaspace       used 25253K, capacity 25930K, committed 26240K, reserved 1073152K
  class space    used 2923K, capacity 3115K, committed 3200K, reserved 1048576K
}

Deoptimization events (10 events):
Event: 16.635 Thread 0x0000000002d22800 Uncommon trap: reason=unstable_if action=reinterpret pc=0x00000000033f69d4 method=com.sun.tools.javac.file.Locations.lazy()V @ 4
Event: 16.980 Thread 0x0000000002d22800 Uncommon trap: reason=unstable_if action=reinterpret pc=0x0000000004100a2c method=java.io.WinNTFileSystem.parentOrNull(Ljava/lang/String;)Ljava/lang/String; @ 62
Event: 17.003 Thread 0x0000000002d22800 Uncommon trap: reason=class_check action=maybe_recompile pc=0x00000000030733d8 method=sun.misc.URLClassPath.getLoader(I)Lsun/misc/URLClassPath$Loader; @ 94
Event: 17.156 Thread 0x0000000002d22800 Uncommon trap: reason=unstable_if action=reinterpret pc=0x0000000003072818 method=java.util.HashMap.putVal(ILjava/lang/Object;Ljava/lang/Object;ZZ)Ljava/lang/Object; @ 193
Event: 17.188 Thread 0x0000000002d22800 Uncommon trap: reason=class_check action=maybe_recompile pc=0x0000000003be0d9c method=com.sun.tools.javac.parser.JavaTokenizer.readToken()Lcom/sun/tools/javac/parser/Tokens$Token; @ 1507
Event: 17.190 Thread 0x0000000002d22800 Uncommon trap: reason=class_check action=maybe_recompile pc=0x0000000003be0d9c method=com.sun.tools.javac.parser.JavaTokenizer.readToken()Lcom/sun/tools/javac/parser/Tokens$Token; @ 1507
Event: 17.190 Thread 0x0000000002d22800 Uncommon trap: reason=class_check action=maybe_recompile pc=0x0000000003be0d9c method=com.sun.tools.javac.parser.JavaTokenizer.readToken()Lcom/sun/tools/javac/parser/Tokens$Token; @ 1507
Event: 17.191 Thread 0x0000000002d22800 Uncommon trap: reason=class_check action=maybe_recompile pc=0x0000000003be0d18 method=com.sun.tools.javac.parser.JavaTokenizer.readToken()Lcom/sun/tools/javac/parser/Tokens$Token; @ 1330
Event: 17.193 Thread 0x0000000002d22800 Uncommon trap: reason=class_check action=maybe_recompile pc=0x0000000003be0d9c method=com.sun.tools.javac.parser.JavaTokenizer.readToken()Lcom/sun/tools/javac/parser/Tokens$Token; @ 1507
Event: 17.243 Thread 0x0000000002d22800 Uncommon trap: reason=unstable_if action=reinterpret pc=0x0000000003cc8ca8 method=com.sun.tools.javac.util.Position$LineMapImpl.build([CI)V @ 87

Classes redefined (0 events):
No events

Internal exceptions (10 events):
Event: 10.564 Thread 0x000000001f7de800 Exception <a 'java/io/FileNotFoundException'> (0x00000007863901e0) thrown at [C:\re\workspace\8-2-build-windows-amd64-cygwin\jdk8u202\12323\hotspot\src\share\vm\prims\jni.cpp, line 710]
Event: 10.583 Thread 0x000000001f7de800 Exception <a 'java/io/FileNotFoundException'> (0x00000007863c4588) thrown at [C:\re\workspace\8-2-build-windows-amd64-cygwin\jdk8u202\12323\hotspot\src\share\vm\prims\jni.cpp, line 710]
Event: 10.648 Thread 0x000000001f7de800 Exception <a 'java/io/FileNotFoundException'> (0x00000007866cc268) thrown at [C:\re\workspace\8-2-build-windows-amd64-cygwin\jdk8u202\12323\hotspot\src\share\vm\prims\jni.cpp, line 710]
Event: 13.068 Thread 0x000000001f7de800 Exception <a 'java/lang/IncompatibleClassChangeError': Found class java.lang.Object, but interface was expected> (0x0000000786cb3ff8) thrown at [C:\re\workspace\8-2-build-windows-amd64-cygwin\jdk8u202\12323\hotspot\src\share\vm\interpreter\linkResolver.cp
Event: 13.222 Thread 0x000000001f7de800 Implicit null exception at 0x000000000355b10f to 0x000000000355b211
Event: 13.320 Thread 0x000000001f7de800 Implicit null exception at 0x0000000003f1b222 to 0x0000000003f1d295
Event: 14.765 Thread 0x0000000002d22800 Exception <a 'java/lang/NoClassDefFoundError': org/sonatype/aether/graph/Dependency> (0x00000007891e4a38) thrown at [C:\re\workspace\8-2-build-windows-amd64-cygwin\jdk8u202\12323\hotspot\src\share\vm\classfile\systemDictionary.cpp, line 199]
Event: 14.875 Thread 0x0000000002d22800 Exception <a 'java/lang/NoSuchMethodError': java.lang.Object.lambda$comparing$77a9974f$1(Ljava/util/function/Function;Ljava/lang/Object;Ljava/lang/Object;)I> (0x0000000780dc0d70) thrown at [C:\re\workspace\8-2-build-windows-amd64-cygwin\jdk8u202\12323\hot
Event: 14.879 Thread 0x0000000002d22800 Exception <a 'java/lang/NoSuchMethodError': java.lang.Object.lambda$comparingByKey$6d558cbf$1(Ljava/util/Comparator;Ljava/util/Map$Entry;Ljava/util/Map$Entry;)I> (0x0000000780dccf98) thrown at [C:\re\workspace\8-2-build-windows-amd64-cygwin\jdk8u202\12323
Event: 14.901 Thread 0x0000000002d22800 Implicit null exception at 0x00000000034ac1db to 0x00000000034ac671

Events (10 events):
Event: 17.276 Thread 0x0000000002d22800 DEOPT PACKING pc=0x000000000411e07e sp=0x0000000002cedbe0
Event: 17.276 Thread 0x0000000002d22800 DEOPT UNPACKING pc=0x0000000002eb7890 sp=0x0000000002ced910 mode 0
Event: 17.285 Thread 0x0000000002d22800 DEOPT PACKING pc=0x000000000411e07e sp=0x0000000002cedbe0
Event: 17.285 Thread 0x0000000002d22800 DEOPT UNPACKING pc=0x0000000002eb7890 sp=0x0000000002ced910 mode 0
Event: 17.299 Thread 0x0000000002d22800 DEOPT PACKING pc=0x000000000411e07e sp=0x0000000002cedbe0
Event: 17.299 Thread 0x0000000002d22800 DEOPT UNPACKING pc=0x0000000002eb7890 sp=0x0000000002ced910 mode 0
Event: 17.316 Thread 0x0000000002d22800 DEOPT PACKING pc=0x000000000411e07e sp=0x0000000002cedbe0
Event: 17.316 Thread 0x0000000002d22800 DEOPT UNPACKING pc=0x0000000002eb7890 sp=0x0000000002ced910 mode 0
Event: 17.321 Thread 0x0000000002d22800 DEOPT PACKING pc=0x000000000411e07e sp=0x0000000002cedbe0
Event: 17.321 Thread 0x0000000002d22800 DEOPT UNPACKING pc=0x0000000002eb7890 sp=0x0000000002ced910 mode 0


Dynamic libraries:
0x00007ff6d73b0000 - 0x00007ff6d73e7000 	C:\Program Files\Java\jdk1.8.0_202\bin\java.exe
0x00007fff5cf80000 - 0x00007fff5d189000 	C:\Windows\SYSTEM32\ntdll.dll
0x00007fff5b780000 - 0x00007fff5b83d000 	C:\Windows\System32\KERNEL32.DLL
0x00007fff5a6d0000 - 0x00007fff5aa54000 	C:\Windows\System32\KERNELBASE.dll
0x00007fff5b590000 - 0x00007fff5b63e000 	C:\Windows\System32\ADVAPI32.dll
0x00007fff5b640000 - 0x00007fff5b6e3000 	C:\Windows\System32\msvcrt.dll
0x00007fff5bd00000 - 0x00007fff5bd9e000 	C:\Windows\System32\sechost.dll
0x00007fff5bb60000 - 0x00007fff5bc81000 	C:\Windows\System32\RPCRT4.dll
0x00007fff5cd60000 - 0x00007fff5cf0d000 	C:\Windows\System32\USER32.dll
0x00007fff5a410000 - 0x00007fff5a436000 	C:\Windows\System32\win32u.dll
0x00007fff5b750000 - 0x00007fff5b77a000 	C:\Windows\System32\GDI32.dll
0x00007fff5acb0000 - 0x00007fff5adce000 	C:\Windows\System32\gdi32full.dll
0x00007fff5aad0000 - 0x00007fff5ab6d000 	C:\Windows\System32\msvcp_win.dll
0x00007fff5a440000 - 0x00007fff5a551000 	C:\Windows\System32\ucrtbase.dll
0x00007fff406f0000 - 0x00007fff40995000 	C:\Windows\WinSxS\amd64_microsoft.windows.common-controls_6595b64144ccf1df_6.0.22000.120_none_9d947278b86cc467\COMCTL32.dll
0x00007fff5c220000 - 0x00007fff5c251000 	C:\Windows\System32\IMM32.DLL
0x000000005f180000 - 0x000000005f252000 	C:\Program Files\Java\jdk1.8.0_202\jre\bin\msvcr100.dll
0x000000005dfe0000 - 0x000000005e885000 	C:\Program Files\Java\jdk1.8.0_202\jre\bin\server\jvm.dll
0x00007fff5cf30000 - 0x00007fff5cf38000 	C:\Windows\System32\PSAPI.DLL
0x00007fff56940000 - 0x00007fff56949000 	C:\Windows\SYSTEM32\WSOCK32.dll
0x00007fff54cb0000 - 0x00007fff54ce3000 	C:\Windows\SYSTEM32\WINMM.dll
0x00007fff54c40000 - 0x00007fff54c4a000 	C:\Windows\SYSTEM32\VERSION.dll
0x00007fff5b490000 - 0x00007fff5b4ff000 	C:\Windows\System32\WS2_32.dll
0x00007fff56820000 - 0x00007fff5682f000 	C:\Program Files\Java\jdk1.8.0_202\jre\bin\verify.dll
0x00007fff26090000 - 0x00007fff260b9000 	C:\Program Files\Java\jdk1.8.0_202\jre\bin\java.dll
0x00007fff51ab0000 - 0x00007fff51ac6000 	C:\Program Files\Java\jdk1.8.0_202\jre\bin\zip.dll
0x00007fff5c3d0000 - 0x00007fff5cb95000 	C:\Windows\System32\SHELL32.dll
0x00007fff584f0000 - 0x00007fff58d52000 	C:\Windows\SYSTEM32\windows.storage.dll
0x00007fff5ae70000 - 0x00007fff5b1e6000 	C:\Windows\System32\combase.dll
0x00007fff58380000 - 0x00007fff584e7000 	C:\Windows\SYSTEM32\wintypes.dll
0x00007fff5c260000 - 0x00007fff5c34a000 	C:\Windows\System32\SHCORE.dll
0x00007fff5b6f0000 - 0x00007fff5b74d000 	C:\Windows\System32\shlwapi.dll
0x00007fff5a340000 - 0x00007fff5a365000 	C:\Windows\SYSTEM32\profapi.dll
0x00007fff564b0000 - 0x00007fff564ba000 	C:\Program Files\NetBeans-12.5\netbeans\java\maven\lib\jansi-native\windows64\jansi.dll
0x00007fff48a50000 - 0x00007fff48a6a000 	C:\Program Files\Java\jdk1.8.0_202\jre\bin\net.dll
0x00007fff53910000 - 0x00007fff53b00000 	C:\Windows\SYSTEM32\urlmon.dll
0x00007fff52ea0000 - 0x00007fff5315e000 	C:\Windows\SYSTEM32\iertutil.dll
0x00007fff53160000 - 0x00007fff53189000 	C:\Windows\SYSTEM32\srvcli.dll
0x00007fff59080000 - 0x00007fff5908c000 	C:\Windows\SYSTEM32\netutils.dll
0x00007fff59a20000 - 0x00007fff59a87000 	C:\Windows\system32\mswsock.dll
0x00007fff32e30000 - 0x00007fff32e42000 	C:\Program Files\Java\jdk1.8.0_202\jre\bin\nio.dll

VM Arguments:
jvm_args: -Dclassworlds.conf=C:\Program Files\NetBeans-12.5\netbeans\java\maven\bin\..\bin\m2.conf -Dmaven.home=C:\Program Files\NetBeans-12.5\netbeans\java\maven\bin\.. -Dlibrary.jansi.path=C:\Program Files\NetBeans-12.5\netbeans\java\maven\bin\..\lib\jansi-native -Dmaven.multiModuleProjectDirectory=C:\Users\Yosra\Desktop\template-core 
java_command: org.codehaus.plexus.classworlds.launcher.Launcher -Dmaven.ext.class.path=C:\Program Files\NetBeans-12.5\netbeans\java\maven-nblib\netbeans-eventspy.jar -Dfile.encoding=UTF-8 clean install
java_class_path (initial): C:\Program Files\NetBeans-12.5\netbeans\java\maven\bin\..\boot\plexus-classworlds-2.6.0.jar
Launcher Type: SUN_STANDARD

Environment Variables:
JAVA_HOME=C:\Program Files\Java\jdk1.8.0_202
PATH=C:\Python312\Scripts\;C:\Python312\;C:\Program Files\Microsoft MPI\Bin\;C:\Program Files\Java\jdk-17\bin;C:\Program Files\Java\jdk1.8.0_202\bin;C:\Program Files\Common Files\Oracle\Java\javapath;C:\ProgramData\Oracle\Java\javapath;C:\Users\Yosra\AppData\Local\Programs\Python\Python312;C:\Program Files (x86)\Common Files\Oracle\Java\javapath;C:\Windows\system32;C:\Windows;C:\Windows\System32\Wbem;C:\Windows\System32\WindowsPowerShell\v1.0\;C:\Windows\System32\OpenSSH\;C:\Program Files (x86)\NVIDIA Corporation\PhysX\Common;C:\Program Files\Git\cmd;C:\flutter\bin;D:\Dev\Outils\Maven\apache-maven-3.9.4\bin;C:\Program Files (x86)\Microsoft SQL Server\150\Tools\Binn\;C:\Program Files\Microsoft SQL Server\150\Tools\Binn\;C:\Program Files (x86)\Microsoft SQL Server\150\DTS\Binn\;C:\Program Files\Microsoft SQL Server\150\DTS\Binn\;C:\Program Files\Microsoft SQL Server\Client SDK\ODBC\170\Tools\Binn\;C:\Program Files (x86)\Microsoft SQL Server\160\DTS\Binn\;C:\Program Files\Azure Data Studio\bin;C:\ProgramData\chocolatey\bin;C:\Program Files\nodejs\;C:\Users\Yosra\AppData\Local\Microsoft\WindowsApps;C:\Users\Yosra\AppData\Local\Programs\Microsoft VS Code\bin;D:\Dev\SOA\EDI\IntelliJ IDEA Community Edition 2023.2.2\bin;;C:\Program Files\JetBrains\IntelliJ IDEA 2023.2.4\bin;;C:\Users\Yosra\AppData\Local\Pub\Cache\bin;;C:\Program Files\Azure Data Studio\bin;C:\Users\Yosra\AppData\Roaming\npm
USERNAME=Yosra
OS=Windows_NT
PROCESSOR_IDENTIFIER=Intel64 Family 6 Model 142 Stepping 12, GenuineIntel



---------------  S Y S T E M  ---------------

OS: Windows 10.0 , 64 bit Build 22000 (10.0.22000.2538)

CPU:total 8 (initial active 8) (4 cores per cpu, 2 threads per core) family 6 model 142 stepping 12, cmov, cx8, fxsr, mmx, sse, sse2, sse3, ssse3, sse4.1, sse4.2, popcnt, avx, avx2, aes, clmul, erms, 3dnowpref, lzcnt, ht, tsc, tscinvbit, bmi1, bmi2, adx

Memory: 4k page, physical 12412724k(2068516k free), swap 21325620k(5188k free)

vm_info: Java HotSpot(TM) 64-Bit Server VM (25.202-b08) for windows-amd64 JRE (1.8.0_202-b08), built on Dec 15 2018 19:54:30 by "java_re" with MS VC++ 10.0 (VS2010)

time: Thu Apr 18 11:44:01 2024
timezone: Maroc (heure d’été)
elapsed time: 17 seconds (0d 0h 0m 17s)

