#
# There is insufficient memory for the Java Runtime Environment to continue.
# Native memory allocation (malloc) failed to allocate 854576 bytes for Chunk::new
# Possible reasons:
#   The system is out of physical RAM or swap space
#   The process is running with CompressedOops enabled, and the Java Heap may be blocking the growth of the native heap
# Possible solutions:
#   Reduce memory load on the system
#   Increase physical memory or swap space
#   Check if swap backing store is full
#   Decrease Java heap size (-Xmx/-Xms)
#   Decrease number of Java threads
#   Decrease Java thread stack sizes (-Xss)
#   Set larger code cache with -XX:ReservedCodeCacheSize=
#   JVM is running with Zero Based Compressed Oops mode in which the Java heap is
#     placed in the first 32GB address space. The Java Heap base address is the
#     maximum limit for the native heap growth. Please use -XX:HeapBaseMinAddress
#     to set the Java Heap base and to place the Java Heap above 32GB virtual address.
# This output file may be truncated or incomplete.
#
#  Out of Memory Error (allocation.cpp:389), pid=2284, tid=0x00000000000043d0
#
# JRE version: Java(TM) SE Runtime Environment (8.0_202-b08) (build 1.8.0_202-b08)
# Java VM: Java HotSpot(TM) 64-Bit Server VM (25.202-b08 mixed mode windows-amd64 compressed oops)
# Failed to write core dump. Minidumps are not enabled by default on client versions of Windows
#

---------------  T H R E A D  ---------------

Current thread (0x000000001b8ef000):  JavaThread "C2 CompilerThread1" daemon [_thread_in_native, id=17360, stack(0x000000001c2f0000,0x000000001c3f0000)]

Stack: [0x000000001c2f0000,0x000000001c3f0000]
[error occurred during error reporting (printing stack bounds), id 0xc0000005]

Native frames: (J=compiled Java code, j=interpreted, Vv=VM code, C=native code)


Current CompileTask:
C2:  16957 5822   !   4       com.sun.tools.javac.parser.JavaTokenizer::readToken (2243 bytes)


---------------  P R O C E S S  ---------------

Java Threads: ( => current thread )
  0x000000001b990800 JavaThread "Service Thread" daemon [_thread_blocked, id=20976, stack(0x000000001c5f0000,0x000000001c6f0000)]
  0x000000001b90e800 JavaThread "C1 CompilerThread3" daemon [_thread_blocked, id=24240, stack(0x000000001c4f0000,0x000000001c5f0000)]
  0x000000001b901800 JavaThread "C2 CompilerThread2" daemon [_thread_in_native, id=1980, stack(0x000000001c3f0000,0x000000001c4f0000)]
=>0x000000001b8ef000 JavaThread "C2 CompilerThread1" daemon [_thread_in_native, id=17360, stack(0x000000001c2f0000,0x000000001c3f0000)]
  0x000000001b8ec800 JavaThread "C2 CompilerThread0" daemon [_thread_in_native, id=27864, stack(0x000000001c1f0000,0x000000001c2f0000)]
  0x000000001b8e9800 JavaThread "Attach Listener" daemon [_thread_blocked, id=21576, stack(0x000000001c0f0000,0x000000001c1f0000)]
  0x0000000019b02800 JavaThread "Signal Dispatcher" daemon [_thread_blocked, id=1516, stack(0x000000001bff0000,0x000000001c0f0000)]
  0x0000000019afe000 JavaThread "Finalizer" daemon [_thread_blocked, id=24416, stack(0x000000001bdc0000,0x000000001bec0000)]
  0x000000001b8e0800 JavaThread "Reference Handler" daemon [_thread_blocked, id=9804, stack(0x000000001bcc0000,0x000000001bdc0000)]
  0x00000000025b2800 JavaThread "main" [_thread_in_native, id=22212, stack(0x00000000024b0000,0x00000000025b0000)]

Other Threads:
  0x0000000019afa000 VMThread [stack: 0x000000001b7c0000,0x000000001b8c0000] [id=6456]
  0x000000001b946800 WatcherThread [stack: 0x000000001c6f0000,0x000000001c7f0000] [id=12200]

VM state:not at safepoint (normal execution)

VM Mutex/Monitor currently owned by a thread: None

heap address: 0x0000000702800000, size: 3032 MB, Compressed Oops mode: Zero based, Oop shift amount: 3
Narrow klass base: 0x0000000000000000, Narrow klass shift: 3
Compressed class space size: 1073741824 Address: 0x00000007c0000000

Heap:
 PSYoungGen      total 221184K, used 42938K [0x0000000780d80000, 0x0000000791c00000, 0x00000007c0000000)
  eden space 188416K, 5% used [0x0000000780d80000,0x0000000781774a88,0x000000078c580000)
  from space 32768K, 99% used [0x000000078fc00000,0x0000000791bfa0d8,0x0000000791c00000)
  to   space 20480K, 0% used [0x000000078c580000,0x000000078c580000,0x000000078d980000)
 ParOldGen       total 106496K, used 51655K [0x0000000702800000, 0x0000000709000000, 0x0000000780d80000)
  object space 106496K, 48% used [0x0000000702800000,0x0000000705a71c98,0x0000000709000000)
 Metaspace       used 27178K, capacity 27972K, committed 28160K, reserved 1075200K
  class space    used 3090K, capacity 3308K, committed 3328K, reserved 1048576K

Card table byte_map: [0x0000000011a70000,0x0000000012060000] byte_map_base: 0x000000000e25c000

Marking Bits: (ParMarkBitMap*) 0x000000005e805ce0
 Begin Bits: [0x0000000012c60000, 0x0000000015bc0000)
 End Bits:   [0x0000000015bc0000, 0x0000000018b20000)

Polling page: 0x0000000000ac0000

CodeCache: size=245760Kb used=20298Kb max_used=20298Kb free=225461Kb
 bounds [0x00000000026b0000, 0x0000000003aa0000, 0x00000000116b0000]
 total_blobs=5709 nmethods=5279 adapters=342
 compilation: enabled

Compilation events (10 events):
Event: 16.815 Thread 0x000000001b90e800 5849       3       com.sun.tools.javac.tree.TreeMaker::Parens (19 bytes)
Event: 16.816 Thread 0x000000001b90e800 nmethod 5849 0x0000000003a8bf90 code [0x0000000003a8c100, 0x0000000003a8c450]
Event: 16.816 Thread 0x000000001b90e800 5850       3       com.sun.tools.javac.tree.JCTree$JCParens::<init> (10 bytes)
Event: 16.816 Thread 0x000000001b90e800 nmethod 5850 0x0000000003a8c610 code [0x0000000003a8c780, 0x0000000003a8ca10]
Event: 16.861 Thread 0x000000001b90e800 5851       3       com.sun.tools.javac.parser.JavacParser::parseStatementAsBlock (191 bytes)
Event: 16.865 Thread 0x000000001b90e800 nmethod 5851 0x0000000003a8cb50 code [0x0000000003a8cf60, 0x0000000003a8f2f8]
Event: 16.890 Thread 0x000000001b90e800 5853       3       com.sun.tools.javac.tree.JCTree$JCNewClass::<init> (42 bytes)
Event: 16.890 Thread 0x000000001b90e800 nmethod 5853 0x0000000003a90c10 code [0x0000000003a90da0, 0x0000000003a91190]
Event: 16.894 Thread 0x000000001b90e800 5854       3       com.sun.tools.javac.parser.JavacParser::foldIfNeeded (60 bytes)
Event: 16.895 Thread 0x000000001b90e800 nmethod 5854 0x0000000003a91390 code [0x0000000003a91580, 0x0000000003a91ea8]

GC Heap History (10 events):
Event: 7.502 GC heap before
{Heap before GC invocations=5 (full 0):
 PSYoungGen      total 105984K, used 86208K [0x0000000780d80000, 0x0000000787c80000, 0x00000007c0000000)
  eden space 98304K, 79% used [0x0000000780d80000,0x0000000785a34260,0x0000000786d80000)
  from space 7680K, 99% used [0x0000000787500000,0x0000000787c7c010,0x0000000787c80000)
  to   space 7680K, 0% used [0x0000000786d80000,0x0000000786d80000,0x0000000787500000)
 ParOldGen       total 130048K, used 10426K [0x0000000702800000, 0x000000070a700000, 0x0000000780d80000)
  object space 130048K, 8% used [0x0000000702800000,0x000000070322ea30,0x000000070a700000)
 Metaspace       used 20526K, capacity 21142K, committed 21296K, reserved 1069056K
  class space    used 2463K, capacity 2631K, committed 2688K, reserved 1048576K
Event: 7.528 GC heap after
Heap after GC invocations=5 (full 0):
 PSYoungGen      total 105984K, used 7668K [0x0000000780d80000, 0x000000078ed80000, 0x00000007c0000000)
  eden space 98304K, 0% used [0x0000000780d80000,0x0000000780d80000,0x0000000786d80000)
  from space 7680K, 99% used [0x0000000786d80000,0x00000007874fd240,0x0000000787500000)
  to   space 16384K, 0% used [0x000000078dd80000,0x000000078dd80000,0x000000078ed80000)
 ParOldGen       total 130048K, used 16859K [0x0000000702800000, 0x000000070a700000, 0x0000000780d80000)
  object space 130048K, 12% used [0x0000000702800000,0x0000000703876cb0,0x000000070a700000)
 Metaspace       used 20526K, capacity 21142K, committed 21296K, reserved 1069056K
  class space    used 2463K, capacity 2631K, committed 2688K, reserved 1048576K
}
Event: 7.528 GC heap before
{Heap before GC invocations=6 (full 1):
 PSYoungGen      total 105984K, used 7668K [0x0000000780d80000, 0x000000078ed80000, 0x00000007c0000000)
  eden space 98304K, 0% used [0x0000000780d80000,0x0000000780d80000,0x0000000786d80000)
  from space 7680K, 99% used [0x0000000786d80000,0x00000007874fd240,0x0000000787500000)
  to   space 16384K, 0% used [0x000000078dd80000,0x000000078dd80000,0x000000078ed80000)
 ParOldGen       total 130048K, used 16859K [0x0000000702800000, 0x000000070a700000, 0x0000000780d80000)
  object space 130048K, 12% used [0x0000000702800000,0x0000000703876cb0,0x000000070a700000)
 Metaspace       used 20526K, capacity 21142K, committed 21296K, reserved 1069056K
  class space    used 2463K, capacity 2631K, committed 2688K, reserved 1048576K
Event: 7.687 GC heap after
Heap after GC invocations=6 (full 1):
 PSYoungGen      total 105984K, used 0K [0x0000000780d80000, 0x000000078ed80000, 0x00000007c0000000)
  eden space 98304K, 0% used [0x0000000780d80000,0x0000000780d80000,0x0000000786d80000)
  from space 7680K, 0% used [0x0000000786d80000,0x0000000786d80000,0x0000000787500000)
  to   space 16384K, 0% used [0x000000078dd80000,0x000000078dd80000,0x000000078ed80000)
 ParOldGen       total 106496K, used 21452K [0x0000000702800000, 0x0000000709000000, 0x0000000780d80000)
  object space 106496K, 20% used [0x0000000702800000,0x0000000703cf3130,0x0000000709000000)
 Metaspace       used 20526K, capacity 21142K, committed 21296K, reserved 1069056K
  class space    used 2463K, capacity 2631K, committed 2688K, reserved 1048576K
}
Event: 9.378 GC heap before
{Heap before GC invocations=7 (full 1):
 PSYoungGen      total 105984K, used 98304K [0x0000000780d80000, 0x000000078ed80000, 0x00000007c0000000)
  eden space 98304K, 100% used [0x0000000780d80000,0x0000000786d80000,0x0000000786d80000)
  from space 7680K, 0% used [0x0000000786d80000,0x0000000786d80000,0x0000000787500000)
  to   space 16384K, 0% used [0x000000078dd80000,0x000000078dd80000,0x000000078ed80000)
 ParOldGen       total 106496K, used 21452K [0x0000000702800000, 0x0000000709000000, 0x0000000780d80000)
  object space 106496K, 20% used [0x0000000702800000,0x0000000703cf3130,0x0000000709000000)
 Metaspace       used 22309K, capacity 22944K, committed 23216K, reserved 1069056K
  class space    used 2622K, capacity 2765K, committed 2816K, reserved 1048576K
Event: 9.427 GC heap after
Heap after GC invocations=7 (full 1):
 PSYoungGen      total 161792K, used 16381K [0x0000000780d80000, 0x000000078ed80000, 0x00000007c0000000)
  eden space 145408K, 0% used [0x0000000780d80000,0x0000000780d80000,0x0000000789b80000)
  from space 16384K, 99% used [0x000000078dd80000,0x000000078ed7f498,0x000000078ed80000)
  to   space 20480K, 0% used [0x000000078c580000,0x000000078c580000,0x000000078d980000)
 ParOldGen       total 106496K, used 24546K [0x0000000702800000, 0x0000000709000000, 0x0000000780d80000)
  object space 106496K, 23% used [0x0000000702800000,0x0000000703ff88d0,0x0000000709000000)
 Metaspace       used 22309K, capacity 22944K, committed 23216K, reserved 1069056K
  class space    used 2622K, capacity 2765K, committed 2816K, reserved 1048576K
}
Event: 13.005 GC heap before
{Heap before GC invocations=8 (full 1):
 PSYoungGen      total 161792K, used 161789K [0x0000000780d80000, 0x000000078ed80000, 0x00000007c0000000)
  eden space 145408K, 100% used [0x0000000780d80000,0x0000000789b80000,0x0000000789b80000)
  from space 16384K, 99% used [0x000000078dd80000,0x000000078ed7f498,0x000000078ed80000)
  to   space 20480K, 0% used [0x000000078c580000,0x000000078c580000,0x000000078d980000)
 ParOldGen       total 106496K, used 24546K [0x0000000702800000, 0x0000000709000000, 0x0000000780d80000)
  object space 106496K, 23% used [0x0000000702800000,0x0000000703ff88d0,0x0000000709000000)
 Metaspace       used 24559K, capacity 25260K, committed 25344K, reserved 1071104K
  class space    used 2851K, capacity 3042K, committed 3072K, reserved 1048576K
Event: 13.048 GC heap after
Heap after GC invocations=8 (full 1):
 PSYoungGen      total 208896K, used 20469K [0x0000000780d80000, 0x0000000791c00000, 0x00000007c0000000)
  eden space 188416K, 0% used [0x0000000780d80000,0x0000000780d80000,0x000000078c580000)
  from space 20480K, 99% used [0x000000078c580000,0x000000078d97d530,0x000000078d980000)
  to   space 32768K, 0% used [0x000000078fc00000,0x000000078fc00000,0x0000000791c00000)
 ParOldGen       total 106496K, used 43576K [0x0000000702800000, 0x0000000709000000, 0x0000000780d80000)
  object space 106496K, 40% used [0x0000000702800000,0x000000070528e360,0x0000000709000000)
 Metaspace       used 24559K, capacity 25260K, committed 25344K, reserved 1071104K
  class space    used 2851K, capacity 3042K, committed 3072K, reserved 1048576K
}
Event: 16.416 GC heap before
{Heap before GC invocations=9 (full 1):
 PSYoungGen      total 208896K, used 208885K [0x0000000780d80000, 0x0000000791c00000, 0x00000007c0000000)
  eden space 188416K, 100% used [0x0000000780d80000,0x000000078c580000,0x000000078c580000)
  from space 20480K, 99% used [0x000000078c580000,0x000000078d97d530,0x000000078d980000)
  to   space 32768K, 0% used [0x000000078fc00000,0x000000078fc00000,0x0000000791c00000)
 ParOldGen       total 106496K, used 43576K [0x0000000702800000, 0x0000000709000000, 0x0000000780d80000)
  object space 106496K, 40% used [0x0000000702800000,0x000000070528e360,0x0000000709000000)
 Metaspace       used 27158K, capacity 27972K, committed 28160K, reserved 1075200K
  class space    used 3090K, capacity 3308K, committed 3328K, reserved 1048576K
Event: 16.525 GC heap after
Heap after GC invocations=9 (full 1):
 PSYoungGen      total 221184K, used 32744K [0x0000000780d80000, 0x0000000791c00000, 0x00000007c0000000)
  eden space 188416K, 0% used [0x0000000780d80000,0x0000000780d80000,0x000000078c580000)
  from space 32768K, 99% used [0x000000078fc00000,0x0000000791bfa0d8,0x0000000791c00000)
  to   space 20480K, 0% used [0x000000078c580000,0x000000078c580000,0x000000078d980000)
 ParOldGen       total 106496K, used 51655K [0x0000000702800000, 0x0000000709000000, 0x0000000780d80000)
  object space 106496K, 48% used [0x0000000702800000,0x0000000705a71c98,0x0000000709000000)
 Metaspace       used 27158K, capacity 27972K, committed 28160K, reserved 1075200K
  class space    used 3090K, capacity 3308K, committed 3328K, reserved 1048576K
}

Deoptimization events (10 events):
Event: 15.956 Thread 0x00000000025b2800 Uncommon trap: reason=unstable_if action=reinterpret pc=0x0000000003706808 method=com.sun.tools.javac.file.Locations.lazy()V @ 4
Event: 16.361 Thread 0x00000000025b2800 Uncommon trap: reason=unstable_if action=reinterpret pc=0x000000000327c1f0 method=java.io.WinNTFileSystem.parentOrNull(Ljava/lang/String;)Ljava/lang/String; @ 62
Event: 16.379 Thread 0x00000000025b2800 Uncommon trap: reason=class_check action=maybe_recompile pc=0x00000000028a1594 method=sun.misc.URLClassPath.getLoader(I)Lsun/misc/URLClassPath$Loader; @ 94
Event: 16.590 Thread 0x00000000025b2800 Uncommon trap: reason=unstable_if action=reinterpret pc=0x00000000028a09d4 method=java.util.HashMap.putVal(ILjava/lang/Object;Ljava/lang/Object;ZZ)Ljava/lang/Object; @ 193
Event: 16.652 Thread 0x00000000025b2800 Uncommon trap: reason=class_check action=maybe_recompile pc=0x000000000299cf70 method=com.sun.tools.javac.parser.JavaTokenizer.readToken()Lcom/sun/tools/javac/parser/Tokens$Token; @ 1507
Event: 16.654 Thread 0x00000000025b2800 Uncommon trap: reason=class_check action=maybe_recompile pc=0x000000000299cf70 method=com.sun.tools.javac.parser.JavaTokenizer.readToken()Lcom/sun/tools/javac/parser/Tokens$Token; @ 1507
Event: 16.654 Thread 0x00000000025b2800 Uncommon trap: reason=class_check action=maybe_recompile pc=0x000000000299cf70 method=com.sun.tools.javac.parser.JavaTokenizer.readToken()Lcom/sun/tools/javac/parser/Tokens$Token; @ 1507
Event: 16.656 Thread 0x00000000025b2800 Uncommon trap: reason=class_check action=maybe_recompile pc=0x000000000299cf90 method=com.sun.tools.javac.parser.JavaTokenizer.readToken()Lcom/sun/tools/javac/parser/Tokens$Token; @ 1330
Event: 16.660 Thread 0x00000000025b2800 Uncommon trap: reason=class_check action=maybe_recompile pc=0x000000000299cf70 method=com.sun.tools.javac.parser.JavaTokenizer.readToken()Lcom/sun/tools/javac/parser/Tokens$Token; @ 1507
Event: 16.734 Thread 0x00000000025b2800 Uncommon trap: reason=class_check action=maybe_recompile pc=0x00000000036d075c method=com.sun.tools.javac.util.Position$LineMapImpl.build([CI)V @ 93

Classes redefined (0 events):
No events

Internal exceptions (10 events):
Event: 8.481 Thread 0x000000001dabe000 Exception <a 'java/security/PrivilegedActionException'> (0x000000078520b1d0) thrown at [C:\re\workspace\8-2-build-windows-amd64-cygwin\jdk8u202\12323\hotspot\src\share\vm\prims\jvm.cpp, line 1502]
Event: 9.209 Thread 0x000000001dabe000 Exception <a 'java/io/FileNotFoundException'> (0x0000000786394410) thrown at [C:\re\workspace\8-2-build-windows-amd64-cygwin\jdk8u202\12323\hotspot\src\share\vm\prims\jni.cpp, line 710]
Event: 9.219 Thread 0x000000001dabe000 Exception <a 'java/io/FileNotFoundException'> (0x00000007863c87b8) thrown at [C:\re\workspace\8-2-build-windows-amd64-cygwin\jdk8u202\12323\hotspot\src\share\vm\prims\jni.cpp, line 710]
Event: 9.277 Thread 0x000000001dabe000 Exception <a 'java/io/FileNotFoundException'> (0x00000007866d0210) thrown at [C:\re\workspace\8-2-build-windows-amd64-cygwin\jdk8u202\12323\hotspot\src\share\vm\prims\jni.cpp, line 710]
Event: 12.310 Thread 0x000000001dabe000 Exception <a 'java/lang/IncompatibleClassChangeError': Found class java.lang.Object, but interface was expected> (0x0000000786bbaf80) thrown at [C:\re\workspace\8-2-build-windows-amd64-cygwin\jdk8u202\12323\hotspot\src\share\vm\interpreter\linkResolver.cp
Event: 12.433 Thread 0x000000001dabe000 Implicit null exception at 0x000000000342368f to 0x0000000003423795
Event: 14.394 Thread 0x00000000025b2800 Exception <a 'java/lang/NoClassDefFoundError': org/sonatype/aether/graph/DependencyNode> (0x0000000785f5d9e8) thrown at [C:\re\workspace\8-2-build-windows-amd64-cygwin\jdk8u202\12323\hotspot\src\share\vm\classfile\systemDictionary.cpp, line 199]
Event: 14.465 Thread 0x00000000025b2800 Exception <a 'java/lang/NoSuchMethodError': java.lang.Object.lambda$comparing$77a9974f$1(Ljava/util/function/Function;Ljava/lang/Object;Ljava/lang/Object;)I> (0x00000007861b9c70) thrown at [C:\re\workspace\8-2-build-windows-amd64-cygwin\jdk8u202\12323\hot
Event: 14.468 Thread 0x00000000025b2800 Exception <a 'java/lang/NoSuchMethodError': java.lang.Object.lambda$comparingByKey$6d558cbf$1(Ljava/util/Comparator;Ljava/util/Map$Entry;Ljava/util/Map$Entry;)I> (0x00000007861c5e98) thrown at [C:\re\workspace\8-2-build-windows-amd64-cygwin\jdk8u202\12323
Event: 14.495 Thread 0x00000000025b2800 Implicit null exception at 0x0000000002c4be9b to 0x0000000002c4c32d

Events (10 events):
Event: 16.654 Thread 0x00000000025b2800 DEOPT UNPACKING pc=0x00000000026f583b sp=0x00000000025ad588 mode 2
Event: 16.656 Thread 0x00000000025b2800 Uncommon trap: trap_request=0xffffffde fr.pc=0x000000000299cf90
Event: 16.656 Thread 0x00000000025b2800 DEOPT PACKING pc=0x000000000299cf90 sp=0x00000000025acbc0
Event: 16.656 Thread 0x00000000025b2800 DEOPT UNPACKING pc=0x00000000026f583b sp=0x00000000025acb58 mode 2
Event: 16.660 Thread 0x00000000025b2800 Uncommon trap: trap_request=0xffffffde fr.pc=0x000000000299cf70
Event: 16.660 Thread 0x00000000025b2800 DEOPT PACKING pc=0x000000000299cf70 sp=0x00000000025ad5f0
Event: 16.660 Thread 0x00000000025b2800 DEOPT UNPACKING pc=0x00000000026f583b sp=0x00000000025ad588 mode 2
Event: 16.733 Thread 0x00000000025b2800 Uncommon trap: trap_request=0xffffffde fr.pc=0x00000000036d075c
Event: 16.734 Thread 0x00000000025b2800 DEOPT PACKING pc=0x00000000036d075c sp=0x00000000025ad620
Event: 16.734 Thread 0x00000000025b2800 DEOPT UNPACKING pc=0x00000000026f583b sp=0x00000000025ad5f0 mode 2


Dynamic libraries:
0x00007ff6d73b0000 - 0x00007ff6d73e7000 	C:\Program Files\Java\jdk1.8.0_202\bin\java.exe
0x00007fff5cf80000 - 0x00007fff5d189000 	C:\Windows\SYSTEM32\ntdll.dll
0x00007fff5b780000 - 0x00007fff5b83d000 	C:\Windows\System32\KERNEL32.DLL
0x00007fff5a6d0000 - 0x00007fff5aa54000 	C:\Windows\System32\KERNELBASE.dll
0x00007fff5b590000 - 0x00007fff5b63e000 	C:\Windows\System32\ADVAPI32.dll
0x00007fff5b640000 - 0x00007fff5b6e3000 	C:\Windows\System32\msvcrt.dll
0x00007fff5bd00000 - 0x00007fff5bd9e000 	C:\Windows\System32\sechost.dll
0x00007fff5bb60000 - 0x00007fff5bc81000 	C:\Windows\System32\RPCRT4.dll
0x00007fff5cd60000 - 0x00007fff5cf0d000 	C:\Windows\System32\USER32.dll
0x00007fff5a410000 - 0x00007fff5a436000 	C:\Windows\System32\win32u.dll
0x00007fff5b750000 - 0x00007fff5b77a000 	C:\Windows\System32\GDI32.dll
0x00007fff5acb0000 - 0x00007fff5adce000 	C:\Windows\System32\gdi32full.dll
0x00007fff5aad0000 - 0x00007fff5ab6d000 	C:\Windows\System32\msvcp_win.dll
0x00007fff5a440000 - 0x00007fff5a551000 	C:\Windows\System32\ucrtbase.dll
0x00007fff406f0000 - 0x00007fff40995000 	C:\Windows\WinSxS\amd64_microsoft.windows.common-controls_6595b64144ccf1df_6.0.22000.120_none_9d947278b86cc467\COMCTL32.dll
0x00007fff5c220000 - 0x00007fff5c251000 	C:\Windows\System32\IMM32.DLL
0x000000005f180000 - 0x000000005f252000 	C:\Program Files\Java\jdk1.8.0_202\jre\bin\msvcr100.dll
0x000000005dfe0000 - 0x000000005e885000 	C:\Program Files\Java\jdk1.8.0_202\jre\bin\server\jvm.dll
0x00007fff5cf30000 - 0x00007fff5cf38000 	C:\Windows\System32\PSAPI.DLL
0x00007fff56940000 - 0x00007fff56949000 	C:\Windows\SYSTEM32\WSOCK32.dll
0x00007fff54cb0000 - 0x00007fff54ce3000 	C:\Windows\SYSTEM32\WINMM.dll
0x00007fff5b490000 - 0x00007fff5b4ff000 	C:\Windows\System32\WS2_32.dll
0x00007fff54c40000 - 0x00007fff54c4a000 	C:\Windows\SYSTEM32\VERSION.dll
0x00007fff56820000 - 0x00007fff5682f000 	C:\Program Files\Java\jdk1.8.0_202\jre\bin\verify.dll
0x00007fff26090000 - 0x00007fff260b9000 	C:\Program Files\Java\jdk1.8.0_202\jre\bin\java.dll
0x00007fff51ab0000 - 0x00007fff51ac6000 	C:\Program Files\Java\jdk1.8.0_202\jre\bin\zip.dll
0x00007fff5c3d0000 - 0x00007fff5cb95000 	C:\Windows\System32\SHELL32.dll
0x00007fff584f0000 - 0x00007fff58d52000 	C:\Windows\SYSTEM32\windows.storage.dll
0x00007fff5ae70000 - 0x00007fff5b1e6000 	C:\Windows\System32\combase.dll
0x00007fff58380000 - 0x00007fff584e7000 	C:\Windows\SYSTEM32\wintypes.dll
0x00007fff5c260000 - 0x00007fff5c34a000 	C:\Windows\System32\SHCORE.dll
0x00007fff5b6f0000 - 0x00007fff5b74d000 	C:\Windows\System32\shlwapi.dll
0x00007fff5a340000 - 0x00007fff5a365000 	C:\Windows\SYSTEM32\profapi.dll
0x00007fff564b0000 - 0x00007fff564ba000 	C:\Program Files\NetBeans-12.5\netbeans\java\maven\lib\jansi-native\windows64\jansi.dll
0x00007fff48a50000 - 0x00007fff48a6a000 	C:\Program Files\Java\jdk1.8.0_202\jre\bin\net.dll
0x00007fff53910000 - 0x00007fff53b00000 	C:\Windows\SYSTEM32\urlmon.dll
0x00007fff59080000 - 0x00007fff5908c000 	C:\Windows\SYSTEM32\netutils.dll
0x00007fff52ea0000 - 0x00007fff5315e000 	C:\Windows\SYSTEM32\iertutil.dll
0x00007fff53160000 - 0x00007fff53189000 	C:\Windows\SYSTEM32\srvcli.dll
0x00007fff59a20000 - 0x00007fff59a87000 	C:\Windows\system32\mswsock.dll
0x00007fff32e30000 - 0x00007fff32e42000 	C:\Program Files\Java\jdk1.8.0_202\jre\bin\nio.dll

VM Arguments:
jvm_args: -Dclassworlds.conf=C:\Program Files\NetBeans-12.5\netbeans\java\maven\bin\..\bin\m2.conf -Dmaven.home=C:\Program Files\NetBeans-12.5\netbeans\java\maven\bin\.. -Dlibrary.jansi.path=C:\Program Files\NetBeans-12.5\netbeans\java\maven\bin\..\lib\jansi-native -Dmaven.multiModuleProjectDirectory=C:\Users\Yosra\Desktop\template-core 
java_command: org.codehaus.plexus.classworlds.launcher.Launcher -Dmaven.ext.class.path=C:\Program Files\NetBeans-12.5\netbeans\java\maven-nblib\netbeans-eventspy.jar -Dfile.encoding=UTF-8 clean install
java_class_path (initial): C:\Program Files\NetBeans-12.5\netbeans\java\maven\bin\..\boot\plexus-classworlds-2.6.0.jar
Launcher Type: SUN_STANDARD

Environment Variables:
JAVA_HOME=C:\Program Files\Java\jdk1.8.0_202
PATH=C:\Python312\Scripts\;C:\Python312\;C:\Program Files\Microsoft MPI\Bin\;C:\Program Files\Java\jdk-17\bin;C:\Program Files\Java\jdk1.8.0_202\bin;C:\Program Files\Common Files\Oracle\Java\javapath;C:\ProgramData\Oracle\Java\javapath;C:\Users\Yosra\AppData\Local\Programs\Python\Python312;C:\Program Files (x86)\Common Files\Oracle\Java\javapath;C:\Windows\system32;C:\Windows;C:\Windows\System32\Wbem;C:\Windows\System32\WindowsPowerShell\v1.0\;C:\Windows\System32\OpenSSH\;C:\Program Files (x86)\NVIDIA Corporation\PhysX\Common;C:\Program Files\Git\cmd;C:\flutter\bin;D:\Dev\Outils\Maven\apache-maven-3.9.4\bin;C:\Program Files (x86)\Microsoft SQL Server\150\Tools\Binn\;C:\Program Files\Microsoft SQL Server\150\Tools\Binn\;C:\Program Files (x86)\Microsoft SQL Server\150\DTS\Binn\;C:\Program Files\Microsoft SQL Server\150\DTS\Binn\;C:\Program Files\Microsoft SQL Server\Client SDK\ODBC\170\Tools\Binn\;C:\Program Files (x86)\Microsoft SQL Server\160\DTS\Binn\;C:\Program Files\Azure Data Studio\bin;C:\ProgramData\chocolatey\bin;C:\Program Files\nodejs\;C:\Users\Yosra\AppData\Local\Microsoft\WindowsApps;C:\Users\Yosra\AppData\Local\Programs\Microsoft VS Code\bin;D:\Dev\SOA\EDI\IntelliJ IDEA Community Edition 2023.2.2\bin;;C:\Program Files\JetBrains\IntelliJ IDEA 2023.2.4\bin;;C:\Users\Yosra\AppData\Local\Pub\Cache\bin;;C:\Program Files\Azure Data Studio\bin;C:\Users\Yosra\AppData\Roaming\npm
USERNAME=Yosra
OS=Windows_NT
PROCESSOR_IDENTIFIER=Intel64 Family 6 Model 142 Stepping 12, GenuineIntel



---------------  S Y S T E M  ---------------

OS: Windows 10.0 , 64 bit Build 22000 (10.0.22000.2538)

CPU:total 8 (initial active 8) (4 cores per cpu, 2 threads per core) family 6 model 142 stepping 12, cmov, cx8, fxsr, mmx, sse, sse2, sse3, ssse3, sse4.1, sse4.2, popcnt, avx, avx2, aes, clmul, erms, 3dnowpref, lzcnt, ht, tsc, tscinvbit, bmi1, bmi2, adx

Memory: 4k page, physical 12412724k(1775836k free), swap 21325620k(5648k free)

vm_info: Java HotSpot(TM) 64-Bit Server VM (25.202-b08) for windows-amd64 JRE (1.8.0_202-b08), built on Dec 15 2018 19:54:30 by "java_re" with MS VC++ 10.0 (VS2010)

time: Thu Apr 18 11:41:28 2024
timezone: Maroc (heure d’été)
elapsed time: 16 seconds (0d 0h 0m 16s)

